#
# There is insufficient memory for the Java Runtime Environment to continue.
# Native memory allocation (malloc) failed to allocate 1048576 bytes for AllocateHeap
# Possible reasons:
#   The system is out of physical RAM or swap space
#   The process is running with CompressedOops enabled, and the Java Heap may be blocking the growth of the native heap
# Possible solutions:
#   Reduce memory load on the system
#   Increase physical memory or swap space
#   Check if swap backing store is full
#   Decrease Java heap size (-Xmx/-Xms)
#   Decrease number of Java threads
#   Decrease Java thread stack sizes (-Xss)
#   Set larger code cache with -XX:ReservedCodeCacheSize=
#   JVM is running with Unscaled Compressed Oops mode in which the Java heap is
#     placed in the first 4GB address space. The Java Heap base address is the
#     maximum limit for the native heap growth. Please use -XX:HeapBaseMinAddress
#     to set the Java Heap base and to place the Java Heap above 4GB virtual address.
# This output file may be truncated or incomplete.
#
#  Out of Memory Error (memory/allocation.inline.hpp:61), pid=11044, tid=0x00000000000045e4
#
# JRE version:  (8.0_201-b09) (build )
# Java VM: Java HotSpot(TM) 64-Bit Server VM (25.201-b09 mixed mode windows-amd64 compressed oops)
# Failed to write core dump. Minidumps are not enabled by default on client versions of Windows
#

---------------  T H R E A D  ---------------

Current thread (0x0000000002a1d800):  JavaThread "Unknown thread" [_thread_in_vm, id=17892, stack(0x0000000002b20000,0x0000000002c20000)]

Stack: [0x0000000002b20000,0x0000000002c20000]
[error occurred during error reporting (printing stack bounds), id 0xc0000005]

Native frames: (J=compiled Java code, j=interpreted, Vv=VM code, C=native code)


---------------  P R O C E S S  ---------------

Java Threads: ( => current thread )

Other Threads:

=>0x0000000002a1d800 (exited) JavaThread "Unknown thread" [_thread_in_vm, id=17892, stack(0x0000000002b20000,0x0000000002c20000)]

VM state:not at safepoint (normal execution)

VM Mutex/Monitor currently owned by a thread: None

heap address: 0x00000000a2400000, size: 1500 MB, Compressed Oops mode: 32-bit
Narrow klass base: 0x0000000000000000, Narrow klass shift: 3
Compressed class space size: 1073741824 Address: 0x0000000100000000

Heap:
 PSYoungGen      total 28160K, used 491K [0x00000000e0c00000, 0x00000000e2b00000, 0x0000000100000000)
  eden space 24576K, 2% used [0x00000000e0c00000,0x00000000e0c7ae20,0x00000000e2400000)
  from space 3584K, 0% used [0x00000000e2780000,0x00000000e2780000,0x00000000e2b00000)
  to   space 3584K, 0% used [0x00000000e2400000,0x00000000e2400000,0x00000000e2780000)
 ParOldGen       total 64512K, used 0K [0x00000000a2400000, 0x00000000a6300000, 0x00000000e0c00000)
  object space 64512K, 0% used [0x00000000a2400000,0x00000000a2400000,0x00000000a6300000)
 Metaspace       used 751K, capacity 4480K, committed 4480K, reserved 1056768K
  class space    used 76K, capacity 384K, committed 384K, reserved 1048576K

Card table byte_map: [0x00000000120e0000,0x00000000123d0000] byte_map_base: 0x0000000011bce000

Marking Bits: (ParMarkBitMap*) 0x0000000064654ce0
 Begin Bits: [0x00000000129d0000, 0x0000000014140000)
 End Bits:   [0x0000000014140000, 0x00000000158b0000)

Polling page: 0x0000000000c60000

CodeCache: size=245760Kb used=328Kb max_used=328Kb free=245431Kb
 bounds [0x0000000002d20000, 0x0000000002f90000, 0x0000000011d20000]
 total_blobs=58 nmethods=0 adapters=38
 compilation: enabled

Compilation events (0 events):
No events

GC Heap History (0 events):
No events

Deoptimization events (0 events):
No events

Classes redefined (0 events):
No events

Internal exceptions (0 events):
No events

Events (10 events):
Event: 0.028 loading class java/lang/Short
Event: 0.029 loading class java/lang/Short done
Event: 0.029 loading class java/lang/Integer
Event: 0.029 loading class java/lang/Integer done
Event: 0.029 loading class java/lang/Long
Event: 0.029 loading class java/lang/Long done
Event: 0.030 loading class java/lang/NullPointerException
Event: 0.030 loading class java/lang/NullPointerException done
Event: 0.030 loading class java/lang/ArithmeticException
Event: 0.030 loading class java/lang/ArithmeticException done


Dynamic libraries:
0x00007ff6b96d0000 - 0x00007ff6b9707000 	C:\Program Files\Java\jre1.8.0_201\bin\javaw.exe
0x00007ff8df4d0000 - 0x00007ff8df6b1000 	C:\Windows\SYSTEM32\ntdll.dll
0x00007ff8dcdb0000 - 0x00007ff8dce62000 	C:\Windows\System32\KERNEL32.DLL
0x00007ff8db8a0000 - 0x00007ff8dbb13000 	C:\Windows\System32\KERNELBASE.dll
0x00007ff8df380000 - 0x00007ff8df421000 	C:\Windows\System32\ADVAPI32.dll
0x00007ff8dce70000 - 0x00007ff8dcf0e000 	C:\Windows\System32\msvcrt.dll
0x00007ff8dd8f0000 - 0x00007ff8dd94b000 	C:\Windows\System32\sechost.dll
0x00007ff8ddab0000 - 0x00007ff8ddbd4000 	C:\Windows\System32\RPCRT4.dll
0x00007ff8dd760000 - 0x00007ff8dd8f0000 	C:\Windows\System32\USER32.dll
0x00007ff8dc330000 - 0x00007ff8dc350000 	C:\Windows\System32\win32u.dll
0x00007ff8dd080000 - 0x00007ff8dd0a8000 	C:\Windows\System32\GDI32.dll
0x00007ff8dc400000 - 0x00007ff8dc592000 	C:\Windows\System32\gdi32full.dll
0x00007ff8dc8c0000 - 0x00007ff8dc95f000 	C:\Windows\System32\msvcp_win.dll
0x00007ff8dc230000 - 0x00007ff8dc32a000 	C:\Windows\System32\ucrtbase.dll
0x00007ff8c9050000 - 0x00007ff8c92b9000 	C:\Windows\WinSxS\amd64_microsoft.windows.common-controls_6595b64144ccf1df_6.0.17134.523_none_fb409dd930672a56\COMCTL32.dll
0x00007ff8dd2d0000 - 0x00007ff8dd5f2000 	C:\Windows\System32\combase.dll
0x00007ff8dc840000 - 0x00007ff8dc8ba000 	C:\Windows\System32\bcryptPrimitives.dll
0x00007ff8dd9d0000 - 0x00007ff8dd9fd000 	C:\Windows\System32\IMM32.DLL
0x0000000064790000 - 0x0000000064861000 	C:\Program Files\Java\jre1.8.0_201\bin\msvcr100.dll
0x0000000063e30000 - 0x00000000646d4000 	C:\Program Files\Java\jre1.8.0_201\bin\server\jvm.dll
0x00007ff8dd750000 - 0x00007ff8dd758000 	C:\Windows\System32\PSAPI.DLL
0x00007ff8d7b30000 - 0x00007ff8d7b53000 	C:\Windows\SYSTEM32\WINMM.dll
0x00007ff8d96d0000 - 0x00007ff8d96d9000 	C:\Windows\SYSTEM32\WSOCK32.dll
0x00007ff8df430000 - 0x00007ff8df49c000 	C:\Windows\System32\WS2_32.dll
0x00007ff8d1c30000 - 0x00007ff8d1c3a000 	C:\Windows\SYSTEM32\VERSION.dll
0x00007ff8d7a00000 - 0x00007ff8d7a2a000 	C:\Windows\SYSTEM32\WINMMBASE.dll
0x00007ff8dc350000 - 0x00007ff8dc399000 	C:\Windows\System32\cfgmgr32.dll
0x00007ff8d7860000 - 0x00007ff8d786f000 	C:\Program Files\Java\jre1.8.0_201\bin\verify.dll
0x00007ff8cc6c0000 - 0x00007ff8cc6e9000 	C:\Program Files\Java\jre1.8.0_201\bin\java.dll
0x00007ff8d2230000 - 0x00007ff8d2246000 	C:\Program Files\Java\jre1.8.0_201\bin\zip.dll

VM Arguments:
jvm_args: -Dfile.encoding=UTF-8 
java_command: Risk.Game.Team.View.Map
java_class_path (initial): C:\Users\LENOVO\eclipse-workspace\Risk.Game.Team\target\classes
Launcher Type: SUN_STANDARD

Environment Variables:
PATH=C:/Program Files/Java/jre1.8.0_201/bin/server;C:/Program Files/Java/jre1.8.0_201/bin;C:/Program Files/Java/jre1.8.0_201/lib/amd64;C:\pmd-bin-6.9.0\bin;C:\Users\LENOVO\AppData\Local\Microsoft\WindowsApps;;C:\Users\LENOVO\Desktop;
USERNAME=LENOVO
OS=Windows_NT
PROCESSOR_IDENTIFIER=Intel64 Family 6 Model 58 Stepping 9, GenuineIntel



---------------  S Y S T E M  ---------------

OS: Windows 10.0 , 64 bit Build 17134 (10.0.17134.1)

CPU:total 4 (initial active 4) (2 cores per cpu, 2 threads per core) family 6 model 58 stepping 9, cmov, cx8, fxsr, mmx, sse, sse2, sse3, ssse3, sse4.1, sse4.2, popcnt, avx, aes, clmul, erms, ht, tsc, tscinvbit, tscinv

Memory: 4k page, physical 6143508k(1611004k free), swap 18864784k(5828k free)

vm_info: Java HotSpot(TM) 64-Bit Server VM (25.201-b09) for windows-amd64 JRE (1.8.0_201-b09), built on Dec 15 2018 18:36:39 by "java_re" with MS VC++ 10.0 (VS2010)

time: Thu Jan 31 13:09:57 2019
timezone: Eastern Standard Time
elapsed time: 0 seconds (0d 0h 0m 0s)

